[2016-06-04 10:51:01] app.INFO: Matched route "{route}". {"route":"home","route_parameters":{"_controller":"App\\Controller\\DefaultController","_route":"home"},"request_uri":"http://robmeijer.me.local/","method":"GET"} []
[2016-06-04 10:51:01] app.DEBUG: > GET / [] []
[2016-06-04 10:51:01] app.DEBUG: < 200 [] []
[2016-06-04 10:51:13] app.INFO: Matched route "{route}". {"route":"home","route_parameters":{"_controller":"App\\Controller\\DefaultController","_route":"home"},"request_uri":"http://robmeijer.me.local/","method":"GET"} []
[2016-06-04 10:51:13] app.DEBUG: > GET / [] []
[2016-06-04 10:51:13] app.DEBUG: < 200 [] []
[2016-06-04 10:56:32] app.INFO: Matched route "{route}". {"route":"home","route_parameters":{"_controller":"App\\Controller\\DefaultController","_route":"home"},"request_uri":"http://robmeijer.me.local/","method":"GET"} []
[2016-06-04 10:56:32] app.DEBUG: > GET / [] []
[2016-06-04 10:56:32] app.CRITICAL: Exception: Oops, something went wrong (uncaught exception) at /home/vagrant/Sites/robmeijer.me/src/App/Controller/DefaultController.php line 44 {"exception":"[object] (Exception(code: 0): Oops, something went wrong at /home/vagrant/Sites/robmeijer.me/src/App/Controller/DefaultController.php:44)"} []
[2016-06-04 10:56:32] app.DEBUG: < 500 [] []
[2016-06-04 10:58:42] app.INFO: Matched route "{route}". {"route":"home","route_parameters":{"_controller":"App\\Controller\\DefaultController","_route":"home"},"request_uri":"http://robmeijer.me.local/","method":"GET"} []
[2016-06-04 10:58:42] app.DEBUG: > GET / [] []
[2016-06-04 10:58:42] app.CRITICAL: Exception: Oops, something went wrong in /home/vagrant/Sites/robmeijer.me/src/App/Controller/DefaultController.php:44 Stack trace: #0 [internal function]: App\Controller\DefaultController->__invoke() #1 /home/vagrant/Sites/robmeijer.me/vendor/symfony/http-kernel/HttpKernel.php(148): call_user_func_array(Object(App\Controller\DefaultController), Array) #2 /home/vagrant/Sites/robmeijer.me/vendor/symfony/http-kernel/HttpKernel.php(66): Symfony\Component\HttpKernel\HttpKernel->handleRaw(Object(Symfony\Component\HttpFoundation\Request), 1) #3 /home/vagrant/Sites/robmeijer.me/vendor/silex/silex/src/Silex/Application.php(496): Symfony\Component\HttpKernel\HttpKernel->handle(Object(Symfony\Component\HttpFoundation\Request), 1, true) #4 /home/vagrant/Sites/robmeijer.me/vendor/silex/silex/src/Silex/Application.php(477): Silex\Application->handle(Object(Symfony\Component\HttpFoundation\Request)) #5 /home/vagrant/Sites/robmeijer.me/public/index.php(7): Silex\Application->run() #6 {main} [] []
[2016-06-04 10:58:42] app.CRITICAL: Exception: Oops, something went wrong (uncaught exception) at /home/vagrant/Sites/robmeijer.me/src/App/Controller/DefaultController.php line 44 {"exception":"[object] (Exception(code: 0): Oops, something went wrong at /home/vagrant/Sites/robmeijer.me/src/App/Controller/DefaultController.php:44)"} []
[2016-06-04 10:58:42] app.DEBUG: < 500 [] []
[2016-06-04 11:03:59] app.INFO: Matched route "{route}". {"route":"home","route_parameters":{"_controller":"App\\Controller\\DefaultController","_route":"home"},"request_uri":"http://robmeijer.me.local/","method":"GET"} []
[2016-06-04 11:03:59] app.DEBUG: > GET / [] []
[2016-06-04 11:03:59] app.CRITICAL: Exception: Oops, something went wrong (uncaught exception) at /home/vagrant/Sites/robmeijer.me/src/App/Controller/DefaultController.php line 44 {"exception":"[object] (Exception(code: 0): Oops, something went wrong at /home/vagrant/Sites/robmeijer.me/src/App/Controller/DefaultController.php:44)"} []
[2016-06-04 11:04:12] app.INFO: Matched route "{route}". {"route":"home","route_parameters":{"_controller":"App\\Controller\\DefaultController","_route":"home"},"request_uri":"http://robmeijer.me.local/","method":"GET"} []
[2016-06-04 11:04:12] app.DEBUG: > GET / [] []
[2016-06-04 11:04:12] app.CRITICAL: Exception: Oops, something went wrong (uncaught exception) at /home/vagrant/Sites/robmeijer.me/src/App/Controller/DefaultController.php line 44 {"exception":"[object] (Exception(code: 0): Oops, something went wrong at /home/vagrant/Sites/robmeijer.me/src/App/Controller/DefaultController.php:44)"} []
[2016-06-04 11:06:25] app.INFO: Matched route "{route}". {"route":"home","route_parameters":{"_controller":"App\\Controller\\DefaultController","_route":"home"},"request_uri":"http://robmeijer.me.local/","method":"GET"} []
[2016-06-04 11:06:25] app.DEBUG: > GET / [] []
[2016-06-04 11:06:25] app.DEBUG: < 200 [] []
[2016-06-04 11:06:41] app.INFO: Matched route "{route}". {"route":"home","route_parameters":{"_controller":"App\\Controller\\DefaultController","_route":"home"},"request_uri":"http://robmeijer.me.local/","method":"GET"} []
[2016-06-04 11:06:41] app.DEBUG: > GET / [] []
[2016-06-04 11:06:41] app.CRITICAL: Twig_Error_Loader: Template "error/500.html.twig" is not defined. (uncaught exception) at /home/vagrant/Sites/robmeijer.me/vendor/twig/twig/lib/Twig/Loader/Chain.php line 115 {"exception":"[object] (Twig_Error_Loader(code: 0): Template \"error/500.html.twig\" is not defined. at /home/vagrant/Sites/robmeijer.me/vendor/twig/twig/lib/Twig/Loader/Chain.php:115)"} []
[2016-06-04 11:06:55] app.INFO: Matched route "{route}". {"route":"home","route_parameters":{"_controller":"App\\Controller\\DefaultController","_route":"home"},"request_uri":"http://robmeijer.me.local/","method":"GET"} []
[2016-06-04 11:06:55] app.DEBUG: > GET / [] []
[2016-06-04 11:06:55] app.CRITICAL: Twig_Error_Loader: Template "error/500.html.twig" is not defined. (uncaught exception) at /home/vagrant/Sites/robmeijer.me/vendor/twig/twig/lib/Twig/Loader/Chain.php line 115 {"exception":"[object] (Twig_Error_Loader(code: 0): Template \"error/500.html.twig\" is not defined. at /home/vagrant/Sites/robmeijer.me/vendor/twig/twig/lib/Twig/Loader/Chain.php:115)"} []
[2016-06-04 11:06:55] app.DEBUG: < 500 [] []
[2016-06-04 11:07:23] app.INFO: Matched route "{route}". {"route":"home","route_parameters":{"_controller":"App\\Controller\\DefaultController","_route":"home"},"request_uri":"http://robmeijer.me.local/","method":"GET"} []
[2016-06-04 11:07:23] app.DEBUG: > GET / [] []
[2016-06-04 11:07:24] app.DEBUG: < 200 [] []
[2016-06-04 11:07:32] app.INFO: Matched route "{route}". {"route":"home","route_parameters":{"_controller":"App\\Controller\\DefaultController","_route":"home"},"request_uri":"http://robmeijer.me.local/","method":"GET"} []
[2016-06-04 11:07:32] app.DEBUG: > GET / [] []
[2016-06-04 11:07:32] app.DEBUG: < 200 [] []
[2016-06-04 11:08:03] app.INFO: Matched route "{route}". {"route":"home","route_parameters":{"_controller":"App\\Controller\\DefaultController","_route":"home"},"request_uri":"http://robmeijer.me.local/","method":"GET"} []
[2016-06-04 11:08:03] app.DEBUG: > GET / [] []
[2016-06-04 11:08:03] app.DEBUG: < 200 [] []
[2016-06-04 11:09:00] app.INFO: Matched route "{route}". {"route":"home","route_parameters":{"_controller":"App\\Controller\\DefaultController","_route":"home"},"request_uri":"http://robmeijer.me.local/","method":"GET"} []
[2016-06-04 11:09:00] app.DEBUG: > GET / [] []
[2016-06-04 11:09:00] app.CRITICAL: Exception: Oops, something went wrong (uncaught exception) at /home/vagrant/Sites/robmeijer.me/src/App/Controller/DefaultController.php line 44 {"exception":"[object] (Exception(code: 0): Oops, something went wrong at /home/vagrant/Sites/robmeijer.me/src/App/Controller/DefaultController.php:44)"} []
[2016-06-04 11:09:01] app.DEBUG: < 500 [] []
[2016-06-04 12:40:00] app.INFO: Matched route "{route}". {"route":"home","route_parameters":{"_controller":"App\\Controller\\DefaultController","_route":"home"},"request_uri":"http://robmeijer.me.local/","method":"GET"} []
[2016-06-04 12:40:00] app.DEBUG: > GET / [] []
[2016-06-04 12:40:00] app.CRITICAL: Exception: Oops, something went wrong (uncaught exception) at /home/vagrant/Sites/robmeijer.me/src/App/Controller/DefaultController.php line 44 {"exception":"[object] (Exception(code: 0): Oops, something went wrong at /home/vagrant/Sites/robmeijer.me/src/App/Controller/DefaultController.php:44)"} []
[2016-06-04 12:40:00] app.DEBUG: < 500 [] []
[2016-06-04 12:40:13] app.INFO: Matched route "{route}". {"route":"home","route_parameters":{"_controller":"App\\Controller\\DefaultController","_route":"home"},"request_uri":"http://robmeijer.me.local/","method":"GET"} []
[2016-06-04 12:40:13] app.DEBUG: > GET / [] []
[2016-06-04 12:40:13] app.DEBUG: < 200 [] []
[2016-06-04 13:00:33] app.INFO: Matched route "{route}". {"route":"home","route_parameters":{"_controller":"App\\Controller\\DefaultController","_route":"home"},"request_uri":"http://robmeijer.me.local/","method":"GET"} []
[2016-06-04 13:00:33] app.DEBUG: > GET / [] []
[2016-06-04 13:00:34] app.DEBUG: < 200 [] []
[2016-06-04 13:03:42] app.INFO: Matched route "{route}". {"route":"home","route_parameters":{"_controller":"App\\Controller\\DefaultController","_route":"home"},"request_uri":"http://robmeijer.me.local/","method":"GET"} []
[2016-06-04 13:03:42] app.DEBUG: > GET / [] []
[2016-06-04 13:03:42] app.DEBUG: < 200 [] []
[2016-06-04 13:04:10] app.INFO: Matched route "{route}". {"route":"home","route_parameters":{"_controller":"App\\Controller\\DefaultController","_route":"home"},"request_uri":"http://robmeijer.me.local/","method":"GET"} []
[2016-06-04 13:04:11] app.DEBUG: > GET / [] []
[2016-06-04 13:04:11] app.DEBUG: < 200 [] []
[2016-06-04 13:06:21] app.INFO: Matched route "{route}". {"route":"home","route_parameters":{"_controller":"App\\Controller\\DefaultController","_route":"home"},"request_uri":"http://robmeijer.me.local/","method":"GET"} []
[2016-06-04 13:06:21] app.DEBUG: > GET / [] []
[2016-06-04 13:06:21] app.DEBUG: < 200 [] []
[2016-06-04 13:06:25] app.INFO: Matched route "{route}". {"route":"home","route_parameters":{"_controller":"App\\Controller\\DefaultController","_route":"home"},"request_uri":"http://robmeijer.me.local/","method":"GET"} []
[2016-06-04 13:06:25] app.DEBUG: > GET / [] []
[2016-06-04 13:06:25] app.DEBUG: < 200 [] []
[2016-06-04 13:06:26] app.INFO: Matched route "{route}". {"route":"home","route_parameters":{"_controller":"App\\Controller\\DefaultController","_route":"home"},"request_uri":"http://robmeijer.me.local/","method":"GET"} []
[2016-06-04 13:06:26] app.DEBUG: > GET / [] []
[2016-06-04 13:06:26] app.DEBUG: < 200 [] []
[2016-06-04 13:07:42] app.INFO: Matched route "{route}". {"route":"home","route_parameters":{"_controller":"App\\Controller\\DefaultController","_route":"home"},"request_uri":"http://robmeijer.me.local/","method":"GET"} []
[2016-06-04 13:07:42] app.DEBUG: > GET / [] []
[2016-06-04 13:07:42] app.DEBUG: < 200 [] []
[2016-06-04 13:07:45] app.INFO: Matched route "{route}". {"route":"home","route_parameters":{"_controller":"App\\Controller\\DefaultController","_route":"home"},"request_uri":"http://robmeijer.me.local/","method":"GET"} []
[2016-06-04 13:07:45] app.DEBUG: > GET / [] []
[2016-06-04 13:07:45] app.DEBUG: < 200 [] []
[2016-06-04 13:08:05] app.INFO: Matched route "{route}". {"route":"home","route_parameters":{"_controller":"App\\Controller\\DefaultController","_route":"home"},"request_uri":"http://robmeijer.me.local/","method":"GET"} []
[2016-06-04 13:08:05] app.DEBUG: > GET / [] []
[2016-06-04 13:08:06] app.DEBUG: < 200 [] []
[2016-06-04 13:08:28] app.INFO: Matched route "{route}". {"route":"home","route_parameters":{"_controller":"App\\Controller\\DefaultController","_route":"home"},"request_uri":"http://robmeijer.me.local/","method":"GET"} []
[2016-06-04 13:08:28] app.DEBUG: > GET / [] []
[2016-06-04 13:08:28] app.DEBUG: < 200 [] []
[2016-06-04 13:08:30] app.INFO: Matched route "{route}". {"route":"home","route_parameters":{"_controller":"App\\Controller\\DefaultController","_route":"home"},"request_uri":"http://robmeijer.me.local/","method":"GET"} []
[2016-06-04 13:08:30] app.DEBUG: > GET / [] []
[2016-06-04 13:08:30] app.DEBUG: < 200 [] []
[2016-06-04 13:26:41] app.INFO: Matched route "{route}". {"route":"home","route_parameters":{"_controller":"App\\Controller\\DefaultController","_route":"home"},"request_uri":"http://robmeijer.me.local/","method":"GET"} []
[2016-06-04 13:26:41] app.DEBUG: > GET / [] []
[2016-06-04 13:26:42] app.DEBUG: < 200 [] []
[2016-06-04 13:26:59] app.INFO: Matched route "{route}". {"route":"home","route_parameters":{"_controller":"App\\Controller\\DefaultController","_route":"home"},"request_uri":"http://robmeijer.me.local/","method":"GET"} []
[2016-06-04 13:26:59] app.DEBUG: > GET / [] []
[2016-06-04 13:26:59] app.DEBUG: < 200 [] []
[2016-06-04 14:41:34] app.INFO: Matched route "{route}". {"route":"home","route_parameters":{"_controller":"App\\Controller\\DefaultController","_route":"home"},"request_uri":"http://robmeijer.me.local/","method":"GET"} []
[2016-06-04 14:41:34] app.DEBUG: > GET / [] []
[2016-06-04 14:41:34] app.DEBUG: < 200 [] []
[2016-06-04 14:41:59] app.INFO: Matched route "{route}". {"route":"home","route_parameters":{"_controller":"App\\Controller\\DefaultController","_route":"home"},"request_uri":"http://robmeijer.me.local/","method":"GET"} []
[2016-06-04 14:41:59] app.DEBUG: > GET / [] []
[2016-06-04 14:41:59] app.DEBUG: < 200 [] []
[2016-06-04 14:42:23] app.INFO: Matched route "{route}". {"route":"home","route_parameters":{"_controller":"App\\Controller\\DefaultController","_route":"home"},"request_uri":"http://robmeijer.me.local/","method":"GET"} []
[2016-06-04 14:42:23] app.DEBUG: > GET / [] []
[2016-06-04 14:42:23] app.DEBUG: < 200 [] []
